2018-03-08 22:09:20.768  INFO 8888 --- [main] c.h.s.SearchdataApplicationTests         : Starting SearchdataApplicationTests on HY-201708191405 with PID 8888 (started by Administrator in E:\ideaProject\searchdata)
2018-03-08 22:09:20.770 DEBUG 8888 --- [main] c.h.s.SearchdataApplicationTests         : Running with Spring Boot v1.5.9.RELEASE, Spring v4.3.13.RELEASE
2018-03-08 22:09:20.771  INFO 8888 --- [main] c.h.s.SearchdataApplicationTests         : No active profile set, falling back to default profiles: default
2018-03-08 22:09:21.664  INFO 8888 --- [main] o.s.w.c.s.GenericWebApplicationContext   : Refreshing org.springframework.web.context.support.GenericWebApplicationContext@37654521: startup date [Thu Mar 08 22:09:21 CST 2018]; root of context hierarchy
2018-03-08 22:09:28.813  INFO 8888 --- [main] com.alibaba.druid.pool.DruidDataSource   : {dataSource-1} inited
2018-03-08 22:09:30.225  INFO 8888 --- [main] j.LocalContainerEntityManagerFactoryBean : Building JPA container EntityManagerFactory for persistence unit 'default'
2018-03-08 22:09:30.282  INFO 8888 --- [main] o.hibernate.jpa.internal.util.LogHelper  : HHH000204: Processing PersistenceUnitInfo [
	name: default
	...]
2018-03-08 22:09:30.507  INFO 8888 --- [main] org.hibernate.Version                    : HHH000412: Hibernate Core {5.0.12.Final}
2018-03-08 22:09:30.514  INFO 8888 --- [main] org.hibernate.cfg.Environment            : HHH000206: hibernate.properties not found
2018-03-08 22:09:30.518  INFO 8888 --- [main] org.hibernate.cfg.Environment            : HHH000021: Bytecode provider name : javassist
2018-03-08 22:09:30.642  INFO 8888 --- [main] o.hibernate.annotations.common.Version   : HCANN000001: Hibernate Commons Annotations {5.0.1.Final}
2018-03-08 22:09:31.300  INFO 8888 --- [main] org.hibernate.dialect.Dialect            : HHH000400: Using dialect: org.hibernate.dialect.MySQL5Dialect
2018-03-08 22:09:33.051  WARN 8888 --- [main] org.hibernate.id.UUIDHexGenerator        : HHH000409: Using org.hibernate.id.UUIDHexGenerator which does not generate IETF RFC 4122 compliant UUID values; consider using org.hibernate.id.UUIDGenerator instead
2018-03-08 22:09:34.078  INFO 8888 --- [main] j.LocalContainerEntityManagerFactoryBean : Initialized JPA EntityManagerFactory for persistence unit 'default'
2018-03-08 22:09:35.080  INFO 8888 --- [main] o.s.b.t.m.w.SpringBootMockServletContext : jolokia: No access restrictor found, access to any MBean is allowed
2018-03-08 22:09:36.554  INFO 8888 --- [main] o.h.h.i.QueryTranslatorFactoryInitiator  : HHH000397: Using ASTQueryTranslatorFactory
2018-03-08 22:09:37.567  INFO 8888 --- [main] s.w.s.m.m.a.RequestMappingHandlerMapping : Mapped "{[/getModels/{pattern}],methods=[GET]}" onto public org.springframework.data.domain.Page<com.hbu.searchdata.model.NewsModel> com.hbu.searchdata.controller.ModelController.getModels(java.lang.Integer,java.lang.Integer,java.lang.String)
2018-03-08 22:09:37.570  INFO 8888 --- [main] s.w.s.m.m.a.RequestMappingHandlerMapping : Mapped "{[/deleteModels/title/{pattern}],methods=[DELETE]}" onto public java.lang.Integer com.hbu.searchdata.controller.ModelController.deleteModelsByTitle(java.lang.String)
2018-03-08 22:09:37.584  INFO 8888 --- [main] s.w.s.m.m.a.RequestMappingHandlerMapping : Mapped "{[/target/{type}],methods=[GET]}" onto public java.util.List<com.hbu.searchdata.model.target.NewsTarget> com.hbu.searchdata.controller.SpiderController.getTarget(java.lang.String)
2018-03-08 22:09:37.585  INFO 8888 --- [main] s.w.s.m.m.a.RequestMappingHandlerMapping : Mapped "{[/search/{keyword}],methods=[GET]}" onto public java.util.List<java.lang.String> com.hbu.searchdata.controller.SpiderController.search(java.lang.String,java.lang.String[])
2018-03-08 22:09:37.586  INFO 8888 --- [main] s.w.s.m.m.a.RequestMappingHandlerMapping : Mapped "{[/stop/{type}/{target}],methods=[POST]}" onto public java.lang.String com.hbu.searchdata.controller.SpiderController.stopNewsSpider(java.lang.String,java.lang.String)
2018-03-08 22:09:37.596  INFO 8888 --- [main] s.w.s.m.m.a.RequestMappingHandlerMapping : Mapped "{[/run/{type}/{target}],methods=[GET]}" onto public java.lang.String com.hbu.searchdata.controller.SpiderController.runNewsSpider(java.lang.String,java.lang.String)
2018-03-08 22:09:37.598  INFO 8888 --- [main] s.w.s.m.m.a.RequestMappingHandlerMapping : Mapped "{[/target/{type}],methods=[POST]}" onto public java.lang.String com.hbu.searchdata.controller.SpiderController.addTarget(java.lang.String,com.hbu.searchdata.model.target.NewsTarget)
2018-03-08 22:09:37.599  INFO 8888 --- [main] s.w.s.m.m.a.RequestMappingHandlerMapping : Mapped "{[/target/{type}],methods=[PUT]}" onto public java.lang.String com.hbu.searchdata.controller.SpiderController.updateTarget(java.lang.String,com.hbu.searchdata.model.target.NewsTarget)
2018-03-08 22:09:37.600  INFO 8888 --- [main] s.w.s.m.m.a.RequestMappingHandlerMapping : Mapped "{[/target/{type}],methods=[DELETE]}" onto public java.lang.String com.hbu.searchdata.controller.SpiderController.deleteTarget(java.lang.String,java.lang.String)
2018-03-08 22:09:37.600  INFO 8888 --- [main] s.w.s.m.m.a.RequestMappingHandlerMapping : Mapped "{[/test/{type}],methods=[GET]}" onto public java.util.concurrent.Callable<java.util.Map<java.lang.String, java.lang.String>> com.hbu.searchdata.controller.SpiderController.testTarget(java.lang.String,com.hbu.searchdata.model.target.NewsTarget)
2018-03-08 22:09:37.601  INFO 8888 --- [main] s.w.s.m.m.a.RequestMappingHandlerMapping : Mapped "{[/check/{type}/{target}],methods=[GET]}" onto public com.hbu.searchdata.model.NewsSpiderStatus com.hbu.searchdata.controller.SpiderController.checkTarget(java.lang.String,java.lang.String)
2018-03-08 22:09:37.602  INFO 8888 --- [main] s.w.s.m.m.a.RequestMappingHandlerMapping : Mapped "{[/test],methods=[GET]}" onto public org.springframework.data.domain.Page com.hbu.searchdata.controller.TestController.runNewsSpider()
2018-03-08 22:09:37.604  INFO 8888 --- [main] s.w.s.m.m.a.RequestMappingHandlerMapping : Mapped "{[/target/newsinfo/{name}],methods=[GET]}" onto public java.lang.String com.hbu.searchdata.controller.view.infoController.newsTargetInfo(java.lang.String,javax.servlet.http.HttpServletRequest)
2018-03-08 22:09:37.607  INFO 8888 --- [main] s.w.s.m.m.a.RequestMappingHandlerMapping : Mapped "{[/index],methods=[GET]}" onto public java.lang.String com.hbu.searchdata.controller.view.ViewController.index()
2018-03-08 22:09:37.610  INFO 8888 --- [main] s.w.s.m.m.a.RequestMappingHandlerMapping : Mapped "{[/login]}" onto public java.lang.String com.hbu.searchdata.controller.view.ViewController.securityLogin(javax.servlet.http.HttpServletRequest,javax.servlet.http.HttpServletResponse)
2018-03-08 22:09:37.613  INFO 8888 --- [main] s.w.s.m.m.a.RequestMappingHandlerMapping : Mapped "{[/]}" onto public java.lang.String com.hbu.searchdata.controller.view.ViewController.home()
2018-03-08 22:09:37.614  INFO 8888 --- [main] s.w.s.m.m.a.RequestMappingHandlerMapping : Mapped "{[/view/{view}],methods=[GET]}" onto public java.lang.String com.hbu.searchdata.controller.view.ViewController.view(java.lang.String)
2018-03-08 22:09:37.622  INFO 8888 --- [main] s.w.s.m.m.a.RequestMappingHandlerMapping : Mapped "{[/error]}" onto public org.springframework.http.ResponseEntity<java.util.Map<java.lang.String, java.lang.Object>> org.springframework.boot.autoconfigure.web.BasicErrorController.error(javax.servlet.http.HttpServletRequest)
2018-03-08 22:09:37.624  INFO 8888 --- [main] s.w.s.m.m.a.RequestMappingHandlerMapping : Mapped "{[/error],produces=[text/html]}" onto public org.springframework.web.servlet.ModelAndView org.springframework.boot.autoconfigure.web.BasicErrorController.errorHtml(javax.servlet.http.HttpServletRequest,javax.servlet.http.HttpServletResponse)
2018-03-08 22:09:37.744  INFO 8888 --- [main] o.s.w.s.handler.SimpleUrlHandlerMapping  : Mapped URL path [/static/**] onto handler of type [class org.springframework.web.servlet.resource.ResourceHttpRequestHandler]
2018-03-08 22:09:37.745  INFO 8888 --- [main] o.s.w.s.handler.SimpleUrlHandlerMapping  : Mapped URL path [/templates/**] onto handler of type [class org.springframework.web.servlet.resource.ResourceHttpRequestHandler]
2018-03-08 22:09:38.624  INFO 8888 --- [main] s.w.s.m.m.a.RequestMappingHandlerAdapter : Looking for @ControllerAdvice: org.springframework.web.context.support.GenericWebApplicationContext@37654521: startup date [Thu Mar 08 22:09:21 CST 2018]; root of context hierarchy
2018-03-08 22:09:39.877  INFO 8888 --- [main] o.s.s.c.ThreadPoolTaskScheduler          : Initializing ExecutorService  'registrationTaskScheduler'
2018-03-08 22:09:40.858  INFO 8888 --- [main] o.s.s.web.DefaultSecurityFilterChain     : Creating filter chain: OrRequestMatcher [requestMatchers=[Ant [pattern='/css/**'], Ant [pattern='/js/**'], Ant [pattern='/images/**'], Ant [pattern='/webjars/**'], Ant [pattern='/**/favicon.ico'], Ant [pattern='/error']]], []
2018-03-08 22:09:40.859  INFO 8888 --- [main] o.s.s.web.DefaultSecurityFilterChain     : Creating filter chain: org.springframework.boot.actuate.autoconfigure.ManagementWebSecurityAutoConfiguration$LazyEndpointPathRequestMatcher@35b3c1f6, []
2018-03-08 22:09:41.118  INFO 8888 --- [main] o.s.s.web.DefaultSecurityFilterChain     : Creating filter chain: org.springframework.security.web.util.matcher.AnyRequestMatcher@1, [org.springframework.security.web.context.request.async.WebAsyncManagerIntegrationFilter@3cead673, org.springframework.security.web.context.SecurityContextPersistenceFilter@67c0c90b, org.springframework.security.web.header.HeaderWriterFilter@61eab26b, org.springframework.security.web.authentication.logout.LogoutFilter@3350ab4, org.springframework.security.web.authentication.UsernamePasswordAuthenticationFilter@5315266, org.springframework.security.web.savedrequest.RequestCacheAwareFilter@35454c7a, org.springframework.security.web.servletapi.SecurityContextHolderAwareRequestFilter@3514ac7d, org.springframework.security.web.authentication.AnonymousAuthenticationFilter@53ba25ff, org.springframework.security.web.session.SessionManagementFilter@116fc29e, org.springframework.security.web.access.ExceptionTranslationFilter@70777a65, org.springframework.security.web.access.intercept.FilterSecurityInterceptor@40c28b0d]
2018-03-08 22:09:41.139  INFO 8888 --- [main] o.s.s.web.DefaultSecurityFilterChain     : Creating filter chain: org.springframework.security.web.util.matcher.AnyRequestMatcher@1, [org.springframework.security.web.context.request.async.WebAsyncManagerIntegrationFilter@7a62d697, org.springframework.security.web.context.SecurityContextPersistenceFilter@25e6c22a, org.springframework.security.web.header.HeaderWriterFilter@3e4f2300, org.springframework.security.web.csrf.CsrfFilter@36665c11, org.springframework.security.web.authentication.logout.LogoutFilter@6906be0f, org.springframework.security.web.savedrequest.RequestCacheAwareFilter@16fc5622, org.springframework.security.web.servletapi.SecurityContextHolderAwareRequestFilter@516c20de, org.springframework.security.web.authentication.AnonymousAuthenticationFilter@edbc2bf, org.springframework.security.web.session.SessionManagementFilter@e706aa, org.springframework.security.web.access.ExceptionTranslationFilter@1da5c19d]
2018-03-08 22:09:41.212  INFO 8888 --- [main] o.s.s.web.DefaultSecurityFilterChain     : Creating filter chain: OrRequestMatcher [requestMatchers=[Ant [pattern='/**']]], [org.springframework.security.web.context.request.async.WebAsyncManagerIntegrationFilter@d13379e, org.springframework.security.web.context.SecurityContextPersistenceFilter@5f3ddc86, org.springframework.security.web.header.HeaderWriterFilter@4491eaeb, org.springframework.security.web.authentication.logout.LogoutFilter@38e7860c, org.springframework.security.web.authentication.www.BasicAuthenticationFilter@62158991, org.springframework.security.web.savedrequest.RequestCacheAwareFilter@78e043e4, org.springframework.security.web.servletapi.SecurityContextHolderAwareRequestFilter@336d28a1, org.springframework.security.web.authentication.AnonymousAuthenticationFilter@7c8df667, org.springframework.security.web.session.SessionManagementFilter@71262020, org.springframework.security.web.access.ExceptionTranslationFilter@6ac9b66b, org.springframework.security.web.access.intercept.FilterSecurityInterceptor@35ceec81]
2018-03-08 22:09:42.278  INFO 8888 --- [main] o.s.b.a.e.mvc.EndpointHandlerMapping     : Mapped "{[/health || /health.json],methods=[GET],produces=[application/vnd.spring-boot.actuator.v1+json || application/json]}" onto public java.lang.Object org.springframework.boot.actuate.endpoint.mvc.HealthMvcEndpoint.invoke(javax.servlet.http.HttpServletRequest,java.security.Principal)
2018-03-08 22:09:42.280  INFO 8888 --- [main] o.s.b.a.e.mvc.EndpointHandlerMapping     : Mapped "{[/heapdump || /heapdump.json],methods=[GET],produces=[application/octet-stream]}" onto public void org.springframework.boot.actuate.endpoint.mvc.HeapdumpMvcEndpoint.invoke(boolean,javax.servlet.http.HttpServletRequest,javax.servlet.http.HttpServletResponse) throws java.io.IOException,javax.servlet.ServletException
2018-03-08 22:09:42.283  INFO 8888 --- [main] o.s.b.a.e.mvc.EndpointHandlerMapping     : Mapped "{[/jolokia/**]}" onto public org.springframework.web.servlet.ModelAndView org.springframework.boot.actuate.endpoint.mvc.JolokiaMvcEndpoint.handle(javax.servlet.http.HttpServletRequest,javax.servlet.http.HttpServletResponse) throws java.lang.Exception
2018-03-08 22:09:42.285  INFO 8888 --- [main] o.s.b.a.e.mvc.EndpointHandlerMapping     : Mapped "{[/trace || /trace.json],methods=[GET],produces=[application/vnd.spring-boot.actuator.v1+json || application/json]}" onto public java.lang.Object org.springframework.boot.actuate.endpoint.mvc.EndpointMvcAdapter.invoke()
2018-03-08 22:09:42.289  INFO 8888 --- [main] o.s.b.a.e.mvc.EndpointHandlerMapping     : Mapped "{[/metrics/{name:.*}],methods=[GET],produces=[application/vnd.spring-boot.actuator.v1+json || application/json]}" onto public java.lang.Object org.springframework.boot.actuate.endpoint.mvc.MetricsMvcEndpoint.value(java.lang.String)
2018-03-08 22:09:42.290  INFO 8888 --- [main] o.s.b.a.e.mvc.EndpointHandlerMapping     : Mapped "{[/metrics || /metrics.json],methods=[GET],produces=[application/vnd.spring-boot.actuator.v1+json || application/json]}" onto public java.lang.Object org.springframework.boot.actuate.endpoint.mvc.EndpointMvcAdapter.invoke()
2018-03-08 22:09:42.294  INFO 8888 --- [main] o.s.b.a.e.mvc.EndpointHandlerMapping     : Mapped "{[/info || /info.json],methods=[GET],produces=[application/vnd.spring-boot.actuator.v1+json || application/json]}" onto public java.lang.Object org.springframework.boot.actuate.endpoint.mvc.EndpointMvcAdapter.invoke()
2018-03-08 22:09:42.296  INFO 8888 --- [main] o.s.b.a.e.mvc.EndpointHandlerMapping     : Mapped "{[/env/{name:.*}],methods=[GET],produces=[application/vnd.spring-boot.actuator.v1+json || application/json]}" onto public java.lang.Object org.springframework.boot.actuate.endpoint.mvc.EnvironmentMvcEndpoint.value(java.lang.String)
2018-03-08 22:09:42.297  INFO 8888 --- [main] o.s.b.a.e.mvc.EndpointHandlerMapping     : Mapped "{[/env || /env.json],methods=[GET],produces=[application/vnd.spring-boot.actuator.v1+json || application/json]}" onto public java.lang.Object org.springframework.boot.actuate.endpoint.mvc.EndpointMvcAdapter.invoke()
2018-03-08 22:09:42.298  INFO 8888 --- [main] o.s.b.a.e.mvc.EndpointHandlerMapping     : Mapped "{[/mappings || /mappings.json],methods=[GET],produces=[application/vnd.spring-boot.actuator.v1+json || application/json]}" onto public java.lang.Object org.springframework.boot.actuate.endpoint.mvc.EndpointMvcAdapter.invoke()
2018-03-08 22:09:42.300  INFO 8888 --- [main] o.s.b.a.e.mvc.EndpointHandlerMapping     : Mapped "{[/dump || /dump.json],methods=[GET],produces=[application/vnd.spring-boot.actuator.v1+json || application/json]}" onto public java.lang.Object org.springframework.boot.actuate.endpoint.mvc.EndpointMvcAdapter.invoke()
2018-03-08 22:09:42.303  INFO 8888 --- [main] o.s.b.a.e.mvc.EndpointHandlerMapping     : Mapped "{[/autoconfig || /autoconfig.json],methods=[GET],produces=[application/vnd.spring-boot.actuator.v1+json || application/json]}" onto public java.lang.Object org.springframework.boot.actuate.endpoint.mvc.EndpointMvcAdapter.invoke()
2018-03-08 22:09:42.312  INFO 8888 --- [main] o.s.b.a.e.mvc.EndpointHandlerMapping     : Mapped "{[/loggers/{name:.*}],methods=[GET],produces=[application/vnd.spring-boot.actuator.v1+json || application/json]}" onto public java.lang.Object org.springframework.boot.actuate.endpoint.mvc.LoggersMvcEndpoint.get(java.lang.String)
2018-03-08 22:09:42.315  INFO 8888 --- [main] o.s.b.a.e.mvc.EndpointHandlerMapping     : Mapped "{[/loggers/{name:.*}],methods=[POST],consumes=[application/vnd.spring-boot.actuator.v1+json || application/json],produces=[application/vnd.spring-boot.actuator.v1+json || application/json]}" onto public java.lang.Object org.springframework.boot.actuate.endpoint.mvc.LoggersMvcEndpoint.set(java.lang.String,java.util.Map<java.lang.String, java.lang.String>)
2018-03-08 22:09:42.316  INFO 8888 --- [main] o.s.b.a.e.mvc.EndpointHandlerMapping     : Mapped "{[/loggers || /loggers.json],methods=[GET],produces=[application/vnd.spring-boot.actuator.v1+json || application/json]}" onto public java.lang.Object org.springframework.boot.actuate.endpoint.mvc.EndpointMvcAdapter.invoke()
2018-03-08 22:09:42.319  INFO 8888 --- [main] o.s.b.a.e.mvc.EndpointHandlerMapping     : Mapped "{[/auditevents || /auditevents.json],methods=[GET],produces=[application/vnd.spring-boot.actuator.v1+json || application/json]}" onto public org.springframework.http.ResponseEntity<?> org.springframework.boot.actuate.endpoint.mvc.AuditEventsMvcEndpoint.findByPrincipalAndAfterAndType(java.lang.String,java.util.Date,java.lang.String)
2018-03-08 22:09:42.320  INFO 8888 --- [main] o.s.b.a.e.mvc.EndpointHandlerMapping     : Mapped "{[/configprops || /configprops.json],methods=[GET],produces=[application/vnd.spring-boot.actuator.v1+json || application/json]}" onto public java.lang.Object org.springframework.boot.actuate.endpoint.mvc.EndpointMvcAdapter.invoke()
2018-03-08 22:09:42.322  INFO 8888 --- [main] o.s.b.a.e.mvc.EndpointHandlerMapping     : Mapped "{[/logfile || /logfile.json],methods=[GET || HEAD]}" onto public void org.springframework.boot.actuate.endpoint.mvc.LogFileMvcEndpoint.invoke(javax.servlet.http.HttpServletRequest,javax.servlet.http.HttpServletResponse) throws javax.servlet.ServletException,java.io.IOException
2018-03-08 22:09:42.330  INFO 8888 --- [main] o.s.b.a.e.mvc.EndpointHandlerMapping     : Mapped "{[/beans || /beans.json],methods=[GET],produces=[application/vnd.spring-boot.actuator.v1+json || application/json]}" onto public java.lang.Object org.springframework.boot.actuate.endpoint.mvc.EndpointMvcAdapter.invoke()
2018-03-08 22:09:43.530  WARN 8888 --- [main] org.thymeleaf.templatemode.TemplateMode  : [THYMELEAF][main] Template Mode 'LEGACYHTML5' is deprecated. Using Template Mode 'HTML' instead.
2018-03-08 22:09:44.021  INFO 8888 --- [main] c.h.s.SearchdataApplicationTests         : Started SearchdataApplicationTests in 24.553 seconds (JVM running for 27.653)
2018-03-08 22:09:44.039 ERROR 8888 --- [registrationTask1] o.s.s.s.TaskUtils$LoggingErrorHandler    : Unexpected error occurred in scheduled task.

java.lang.IllegalStateException: service-base-url must be set when deployed to servlet-container
	at de.codecentric.boot.admin.client.registration.DefaultApplicationFactory.getServiceUrl(DefaultApplicationFactory.java:68) ~[spring-boot-admin-client-1.5.7.jar:na]
	at de.codecentric.boot.admin.client.registration.DefaultApplicationFactory.getManagementUrl(DefaultApplicationFactory.java:95) ~[spring-boot-admin-client-1.5.7.jar:na]
	at de.codecentric.boot.admin.client.registration.DefaultApplicationFactory.getHealthUrl(DefaultApplicationFactory.java:115) ~[spring-boot-admin-client-1.5.7.jar:na]
	at de.codecentric.boot.admin.client.registration.DefaultApplicationFactory.createApplication(DefaultApplicationFactory.java:50) ~[spring-boot-admin-client-1.5.7.jar:na]
	at de.codecentric.boot.admin.client.registration.ApplicationRegistrator.createApplication(ApplicationRegistrator.java:140) ~[spring-boot-admin-client-1.5.7.jar:na]
	at de.codecentric.boot.admin.client.registration.ApplicationRegistrator.register(ApplicationRegistrator.java:65) ~[spring-boot-admin-client-1.5.7.jar:na]
	at de.codecentric.boot.admin.client.registration.RegistrationApplicationListener$1.run(RegistrationApplicationListener.java:80) ~[spring-boot-admin-client-1.5.7.jar:na]
	at org.springframework.scheduling.support.DelegatingErrorHandlingRunnable.run(DelegatingErrorHandlingRunnable.java:54) ~[spring-context-4.3.13.RELEASE.jar:4.3.13.RELEASE]
	at java.util.concurrent.Executors$RunnableAdapter.call(Executors.java:511) [na:1.8.0_111]
	at java.util.concurrent.FutureTask.runAndReset(FutureTask.java:308) [na:1.8.0_111]
	at java.util.concurrent.ScheduledThreadPoolExecutor$ScheduledFutureTask.access$301(ScheduledThreadPoolExecutor.java:180) [na:1.8.0_111]
	at java.util.concurrent.ScheduledThreadPoolExecutor$ScheduledFutureTask.run(ScheduledThreadPoolExecutor.java:294) [na:1.8.0_111]
	at java.util.concurrent.ThreadPoolExecutor.runWorker(ThreadPoolExecutor.java:1142) [na:1.8.0_111]
	at java.util.concurrent.ThreadPoolExecutor$Worker.run(ThreadPoolExecutor.java:617) [na:1.8.0_111]
	at java.lang.Thread.run(Thread.java:745) [na:1.8.0_111]

2018-03-08 22:09:44.120  INFO 8888 --- [main] o.s.t.c.transaction.TransactionContext   : Began transaction (1) for test context [DefaultTestContext@2b4a2ec7 testClass = SearchdataApplicationTests, testInstance = com.hbu.searchdata.SearchdataApplicationTests@65d6640, testMethod = contextLoads@SearchdataApplicationTests, testException = [null], mergedContextConfiguration = [WebMergedContextConfiguration@564718df testClass = SearchdataApplicationTests, locations = '{}', classes = '{class com.hbu.searchdata.SearchdataApplication}', contextInitializerClasses = '[]', activeProfiles = '{}', propertySourceLocations = '{}', propertySourceProperties = '{org.springframework.boot.test.context.SpringBootTestContextBootstrapper=true}', contextCustomizers = set[org.springframework.boot.test.context.SpringBootTestContextCustomizer@887af79, org.springframework.boot.test.context.filter.ExcludeFilterContextCustomizer@6e0e048a, org.springframework.boot.test.json.DuplicateJsonObjectContextCustomizerFactory$DuplicateJsonObjectContextCustomizer@23e028a9, org.springframework.boot.test.mock.mockito.MockitoContextCustomizer@0, org.springframework.boot.test.autoconfigure.properties.PropertyMappingContextCustomizer@0, org.springframework.boot.test.autoconfigure.web.servlet.WebDriverContextCustomizerFactory$Customizer@5d76b067], resourceBasePath = 'src/main/webapp', contextLoader = 'org.springframework.boot.test.context.SpringBootContextLoader', parent = [null]]]; transaction manager [org.springframework.orm.jpa.JpaTransactionManager@5604b85]; rollback [true]
2018-03-08 22:09:44.221  INFO 8888 --- [main] c.h.s.SearchdataApplicationTests         : test
2018-03-08 22:09:44.222 DEBUG 8888 --- [main] c.h.s.SearchdataApplicationTests         : debug
2018-03-08 22:09:44.243  INFO 8888 --- [main] o.s.t.c.transaction.TransactionContext   : Rolled back transaction for test context [DefaultTestContext@2b4a2ec7 testClass = SearchdataApplicationTests, testInstance = com.hbu.searchdata.SearchdataApplicationTests@65d6640, testMethod = contextLoads@SearchdataApplicationTests, testException = [null], mergedContextConfiguration = [WebMergedContextConfiguration@564718df testClass = SearchdataApplicationTests, locations = '{}', classes = '{class com.hbu.searchdata.SearchdataApplication}', contextInitializerClasses = '[]', activeProfiles = '{}', propertySourceLocations = '{}', propertySourceProperties = '{org.springframework.boot.test.context.SpringBootTestContextBootstrapper=true}', contextCustomizers = set[org.springframework.boot.test.context.SpringBootTestContextCustomizer@887af79, org.springframework.boot.test.context.filter.ExcludeFilterContextCustomizer@6e0e048a, org.springframework.boot.test.json.DuplicateJsonObjectContextCustomizerFactory$DuplicateJsonObjectContextCustomizer@23e028a9, org.springframework.boot.test.mock.mockito.MockitoContextCustomizer@0, org.springframework.boot.test.autoconfigure.properties.PropertyMappingContextCustomizer@0, org.springframework.boot.test.autoconfigure.web.servlet.WebDriverContextCustomizerFactory$Customizer@5d76b067], resourceBasePath = 'src/main/webapp', contextLoader = 'org.springframework.boot.test.context.SpringBootContextLoader', parent = [null]]].
2018-03-08 22:09:44.272  INFO 8888 --- [Thread-2] o.s.w.c.s.GenericWebApplicationContext   : Closing org.springframework.web.context.support.GenericWebApplicationContext@37654521: startup date [Thu Mar 08 22:09:21 CST 2018]; root of context hierarchy
2018-03-08 22:09:44.284  INFO 8888 --- [Thread-2] o.s.s.c.ThreadPoolTaskScheduler          : Shutting down ExecutorService 'registrationTaskScheduler'
2018-03-08 22:09:44.343  INFO 8888 --- [Thread-2] j.LocalContainerEntityManagerFactoryBean : Closing JPA EntityManagerFactory for persistence unit 'default'
